'weight' column already exists. Use --force option to overwrite.
INFO:cooler.cli.load:fields: {'bin1_id': 0, 'bin2_id': 1, 'count': 2}
INFO:cooler.cli.load:dtypes: {'bin1_id': <class 'int'>, 'bin2_id': <class 'int'>, 'count': <class 'numpy.float64'>}
INFO:cooler.cli.load:symmetric-upper: True
INFO:cooler.create:Writing chunk 0: /n/home05/drakedu/fast-sequencing-AI-imputation/tmpa_w26ky5.multi.cool::0
INFO:cooler.create:Creating cooler at "/n/home05/drakedu/fast-sequencing-AI-imputation/tmpa_w26ky5.multi.cool::/0"
INFO:cooler.create:Writing chroms
INFO:cooler.create:Writing bins
INFO:cooler.create:Writing pixels
INFO:cooler.create:Writing indexes
INFO:cooler.create:Writing info
INFO:cooler.create:Merging into impute_hic2microc_chr21_5000_13650312.cool
INFO:cooler.create:Creating cooler at "/n/home05/drakedu/fast-sequencing-AI-imputation/impute_hic2microc_chr21_5000_13650312.cool::/"
INFO:cooler.create:Writing chroms
INFO:cooler.create:Writing bins
INFO:cooler.create:Writing pixels
INFO:cooler._reduce:n_merge_epochs: 1
INFO:cooler._reduce:nnzs: [3922215]
INFO:cooler._reduce:records consumed: [np.int64(3922215)]
INFO:cooler.create:Writing indexes
INFO:cooler.create:Writing info
	Command being timed: "python HiC2MicroC/src/HiC2MicroC.py -f1 data/GM12878.GSE115524.Homo_Sapiens.CTCF.b1.chr21.mcool::resolutions/5000 -f2 data/hg38.chr21.sizes -f3 impute_hic2microc_chr21_5000_13650312"
	User time (seconds): 345.83
	System time (seconds): 194.53
	Percent of CPU this job got: 83%
	Elapsed (wall clock) time (h:mm:ss or m:ss): 10:50.72
	Average shared text size (kbytes): 0
	Average unshared data size (kbytes): 0
	Average stack size (kbytes): 0
	Average total size (kbytes): 0
	Maximum resident set size (kbytes): 2859228
	Average resident set size (kbytes): 0
	Major (requiring I/O) page faults: 4383
	Minor (reclaiming a frame) page faults: 769833
	Voluntary context switches: 52751
	Involuntary context switches: 305
	Swaps: 0
	File system inputs: 0
	File system outputs: 163512
	Socket messages sent: 0
	Socket messages received: 0
	Signals delivered: 0
	Page size (bytes): 4096
	Exit status: 0
